<?xml version="1.0" encoding="UTF-8"?>
<testng-results ignored="0" total="1" passed="1" failed="0" skipped="0">
  <reporter-output>
  </reporter-output>
  <suite started-at="2024-08-15T15:54:30 IST" name="Default suite" finished-at="2024-08-15T15:54:35 IST" duration-ms="5068">
    <groups>
      <group name="smoke">
        <method signature="XyzbankTest.openAccountWithBankerLogin()[pri:0, instance:tests.XyzbankTest@72cc7e6f]" name="openAccountWithBankerLogin" class="tests.XyzbankTest"/>
      </group> <!-- smoke -->
    </groups>
    <test started-at="2024-08-15T15:54:30 IST" name="Default test" finished-at="2024-08-15T15:54:35 IST" duration-ms="5068">
      <class name="tests.XyzbankTest">
        <test-method signature="openAccountWithBankerLogin()[pri:0, instance:tests.XyzbankTest@72cc7e6f]" started-at="2024-08-15T15:54:30 IST" name="openAccountWithBankerLogin" finished-at="2024-08-15T15:54:35 IST" duration-ms="4915" status="PASS">
          <reporter-output>
          </reporter-output>
        </test-method> <!-- openAccountWithBankerLogin -->
        <test-method is-config="true" signature="afterTest()[pri:0, instance:tests.XyzbankTest@72cc7e6f]" started-at="2024-08-15T15:54:35 IST" name="afterTest" finished-at="2024-08-15T15:54:35 IST" duration-ms="122" status="PASS">
          <reporter-output>
          </reporter-output>
        </test-method> <!-- afterTest -->
      </class> <!-- tests.XyzbankTest -->
    </test> <!-- Default test -->
  </suite> <!-- Default suite -->
</testng-results>
